SF:lib/app/modules/search/domain/entities/result_search.dart
DA:8,0
LF:1
LH:0
end_of_record
SF:lib/app/modules/search/domain/errors/errors.dart
DA:8,1
LF:1
LH:1
end_of_record
SF:lib/app/modules/search/domain/usecases/search_movie_by_text.dart
DA:15,1
DA:20,1
DA:23,1
DA:24,2
DA:27,2
LF:5
LH:5
end_of_record
SF:lib/app/modules/search/infra/models/result_search_movie_model.dart
DA:12,0
DA:19,0
DA:27,0
DA:28,0
DA:29,0
DA:30,0
DA:31,0
DA:32,0
DA:33,0
DA:34,0
DA:38,0
DA:39,0
DA:40,0
DA:41,0
DA:42,0
DA:43,0
DA:44,0
DA:45,0
DA:49,0
DA:51,0
DA:52,0
LF:21
LH:0
end_of_record
SF:lib/app/modules/search/infra/repositories/search_movie_repo_Impl.dart
DA:11,1
DA:14,1
DA:19,3
DA:20,1
DA:21,1
DA:23,0
DA:26,3
LF:7
LH:6
end_of_record
